0 info it worked if it ends with ok
1 verbose cli [ 'C:\\Program Files\\nodejs\\node.exe',
1 verbose cli   'C:\\Program Files\\nodejs\\node_modules\\npm\\bin\\npm-cli.js',
1 verbose cli   'update',
1 verbose cli   '-g',
1 verbose cli   'react-native' ]
2 info using npm@3.3.12
3 info using node@v5.5.0
4 verbose stack Error: Missing required argument #1
4 verbose stack     at module.exports (C:\Program Files\nodejs\node_modules\npm\lib\install\mutate-into-logical-tree.js:12:3)
4 verbose stack     at C:\Program Files\nodejs\node_modules\npm\lib\outdated.js:78:5
4 verbose stack     at C:\Program Files\nodejs\node_modules\npm\lib\outdated.js:62:20
4 verbose stack     at C:\Program Files\nodejs\node_modules\npm\node_modules\read-package-tree\rpt.js:186:9
4 verbose stack     at f (C:\Program Files\nodejs\node_modules\npm\node_modules\once\once.js:17:25)
4 verbose stack     at C:\Program Files\nodejs\node_modules\npm\node_modules\read-package-tree\rpt.js:152:20
4 verbose stack     at f (C:\Program Files\nodejs\node_modules\npm\node_modules\once\once.js:17:25)
4 verbose stack     at then (C:\Program Files\nodejs\node_modules\npm\node_modules\read-package-tree\rpt.js:121:22)
4 verbose stack     at C:\Program Files\nodejs\node_modules\npm\node_modules\read-package-tree\rpt.js:81:20
4 verbose stack     at fs.js:1657:23
5 verbose cwd C:\Users\naberezhniy\Copy\work\ist-mobile-customer-github
6 error Windows_NT 6.1.7601
7 error argv "C:\\Program Files\\nodejs\\node.exe" "C:\\Program Files\\nodejs\\node_modules\\npm\\bin\\npm-cli.js" "update" "-g" "react-native"
8 error node v5.5.0
9 error npm  v3.3.12
10 error code EMISSINGARG
11 error typeerror Error: Missing required argument #1
11 error typeerror     at module.exports (C:\Program Files\nodejs\node_modules\npm\lib\install\mutate-into-logical-tree.js:12:3)
11 error typeerror     at C:\Program Files\nodejs\node_modules\npm\lib\outdated.js:78:5
11 error typeerror     at C:\Program Files\nodejs\node_modules\npm\lib\outdated.js:62:20
11 error typeerror     at C:\Program Files\nodejs\node_modules\npm\node_modules\read-package-tree\rpt.js:186:9
11 error typeerror     at f (C:\Program Files\nodejs\node_modules\npm\node_modules\once\once.js:17:25)
11 error typeerror     at C:\Program Files\nodejs\node_modules\npm\node_modules\read-package-tree\rpt.js:152:20
11 error typeerror     at f (C:\Program Files\nodejs\node_modules\npm\node_modules\once\once.js:17:25)
11 error typeerror     at then (C:\Program Files\nodejs\node_modules\npm\node_modules\read-package-tree\rpt.js:121:22)
11 error typeerror     at C:\Program Files\nodejs\node_modules\npm\node_modules\read-package-tree\rpt.js:81:20
11 error typeerror     at fs.js:1657:23
11 error typeerror This is an error with npm itself. Please report this error at:
11 error typeerror     <http://github.com/npm/npm/issues>
12 verbose exit [ 1, true ]
